<?xml version="1.0" encoding="UTF-8"?>
<testsuite name="IngredientTest" tests="3" time="0.016599242" failures="0" errors="0" skipped="0" assertions="5" timestamp="2018-11-22T13:57:18+02:00">
  <testcase name="test_attributes" time="0.02086048099954496" assertions="1">
  </testcase>
  <testcase name="test_name_must_not_be_longer_than_100_characters" time="0.012561396999444696" assertions="2">
  </testcase>
  <testcase name="test_name_must_be_present" time="0.0005638380007439991" assertions="2">
  </testcase>
</testsuite>
