<?xml version="1.0" encoding="UTF-8"?>
<testsuite name="SearchTest" tests="6" time="0.127531038" failures="0" errors="0" skipped="0" assertions="51" timestamp="2018-11-22T13:57:19+02:00">
  <testcase name="test_search_form_should_have_search_fields" time="0.1603845800000272" assertions="3">
  </testcase>
  <testcase name="test_search_by_cuisine" time="0.018127744000594248" assertions="11">
  </testcase>
  <testcase name="test_search_by_both_cuisine_and_ingredient" time="0.021360398999604513" assertions="13">
  </testcase>
  <testcase name="test_find_all_when_no_criteria_given" time="0.0180240829995455" assertions="5">
  </testcase>
  <testcase name="test_search_by_ingredient" time="0.05254644399974495" assertions="12">
  </testcase>
  <testcase name="test_search_may_return_no_results" time="0.016935496998485178" assertions="7">
  </testcase>
  <system-out>
111111111
{"controller"=&gt;"recipes", "action"=&gt;"index"}
2222222

111111111
{"controller"=&gt;"recipes", "action"=&gt;"index"}
2222222

111111111
{"utf8"=&gt;"✓", "q"=&gt;{"cuisine_eq"=&gt;"Polish", "ingredients_name_eq"=&gt;""}, "commit"=&gt;"Search", "controller"=&gt;"recipes", "action"=&gt;"index"}
2222222

111111111
{"controller"=&gt;"recipes", "action"=&gt;"index"}
2222222

111111111
{"utf8"=&gt;"✓", "q"=&gt;{"cuisine_eq"=&gt;"Italian", "ingredients_name_eq"=&gt;"Flour"}, "commit"=&gt;"Search", "controller"=&gt;"recipes", "action"=&gt;"index"}
2222222

111111111
{"controller"=&gt;"recipes", "action"=&gt;"index"}
2222222

111111111
{"utf8"=&gt;"✓", "q"=&gt;{"cuisine_eq"=&gt;"", "ingredients_name_eq"=&gt;""}, "commit"=&gt;"Search", "controller"=&gt;"recipes", "action"=&gt;"index"}
2222222

111111111
{"controller"=&gt;"recipes", "action"=&gt;"index"}
2222222

111111111
{"utf8"=&gt;"✓", "q"=&gt;{"cuisine_eq"=&gt;"", "ingredients_name_eq"=&gt;"Bacon"}, "commit"=&gt;"Search", "controller"=&gt;"recipes", "action"=&gt;"index"}
2222222

111111111
{"controller"=&gt;"recipes", "action"=&gt;"index"}
2222222

111111111
{"utf8"=&gt;"✓", "q"=&gt;{"cuisine_eq"=&gt;"American", "ingredients_name_eq"=&gt;"Jalapeno"}, "commit"=&gt;"Search", "controller"=&gt;"recipes", "action"=&gt;"index"}
2222222

  </system-out>
</testsuite>
